<?xml version="1.0" encoding="UTF-8"?>
<!-- Generated by org.testng.reporters.JUnitReportReporter -->
<testsuite hostname="vasudha" failures="0" tests="1" name="pkg.ScreenShot" time="12.615" errors="0" timestamp="2025-08-29T11:51:23 IST" skipped="0">
  <testcase classname="pkg.ScreenShot" name="screenshottest" time="12.615"/>
</testsuite> <!-- pkg.ScreenShot -->
