<?xml version="1.0" encoding="UTF-8"?>
<!-- Generated by org.testng.reporters.JUnitReportReporter -->
<testsuite hostname="vasudha" failures="0" tests="2" name="pkg.NewTest" time="0.036" errors="0" timestamp="2025-08-26T10:08:50 IST" skipped="0">
  <testcase classname="pkg.NewTest" name="f" time="0.005"/>
  <testcase classname="pkg.NewTest" name="f" time="0.031"/>
</testsuite> <!-- pkg.NewTest -->
