<?xml version="1.0" encoding="UTF-8"?>
<!-- Generated by org.testng.reporters.JUnitReportReporter -->
<testsuite hostname="vasudha" failures="0" tests="1" name="pkg.testNG2" time="0.020" errors="0" timestamp="2025-08-26T10:16:44 IST" skipped="0">
  <testcase classname="pkg.testNG2" name="f" time="0.020"/>
</testsuite> <!-- pkg.testNG2 -->
