<?xml version="1.0" encoding="UTF-8"?>
<!-- Generated by org.testng.reporters.JUnitReportReporter -->
<testsuite hostname="vasudha" failures="0" tests="3" name="pkg.crossbrowsertestng" time="33.422" errors="0" timestamp="2025-08-26T15:49:15 IST" skipped="0">
  <testcase classname="pkg.crossbrowsertestng" name="openSite" time="20.028"/>
  <testcase classname="pkg.crossbrowsertestng" name="openSite" time="8.504"/>
  <testcase classname="pkg.crossbrowsertestng" name="openSite" time="4.890"/>
</testsuite> <!-- pkg.crossbrowsertestng -->
