<?xml version="1.0" encoding="UTF-8"?>
<!-- Generated by org.testng.reporters.JUnitReportReporter -->
<testsuite hostname="vasudha" failures="0" tests="6" name="pkg.Lab9_TestNG2" time="89.089" errors="0" timestamp="2025-08-26T17:22:29 IST" skipped="0">
  <testcase classname="pkg.Lab9_TestNG2" name="ecommerceTest" time="12.017"/>
  <testcase classname="pkg.Lab9_TestNG2" name="ecommerceTest" time="15.054"/>
  <testcase classname="pkg.Lab9_TestNG2" name="ecommerceTest" time="17.798"/>
  <testcase classname="pkg.Lab9_TestNG2" name="ecommerceTest" time="17.951"/>
  <testcase classname="pkg.Lab9_TestNG2" name="ecommerceTest" time="15.946"/>
  <testcase classname="pkg.Lab9_TestNG2" name="ecommerceTest" time="10.323"/>
</testsuite> <!-- pkg.Lab9_TestNG2 -->
