<?xml version="1.0" encoding="UTF-8"?>
<!-- Generated by org.testng.reporters.JUnitReportReporter -->
<testsuite hostname="vasudha" failures="0" tests="3" name="pkg.Lab9_TestNG1" time="18.097" errors="0" timestamp="2025-08-26T17:22:29 IST" skipped="0">
  <testcase classname="pkg.Lab9_TestNG1" name="lab8Flow" time="5.701"/>
  <testcase classname="pkg.Lab9_TestNG1" name="lab8Flow" time="4.884"/>
  <testcase classname="pkg.Lab9_TestNG1" name="lab8Flow" time="7.512"/>
</testsuite> <!-- pkg.Lab9_TestNG1 -->
