<?xml version="1.0" encoding="UTF-8"?>
<!-- Generated by org.testng.reporters.JUnitReportReporter -->
<testsuite hostname="vasudha" failures="0" tests="1" name="pkg.Lab3" time="12.006" errors="0" timestamp="2025-08-26T12:43:15 IST" skipped="0">
  <testcase classname="pkg.Lab3" name="test" time="12.006"/>
</testsuite> <!-- pkg.Lab3 -->
