<?xml version="1.0" encoding="UTF-8"?>
<!-- Generated by org.testng.reporters.JUnitReportReporter -->
<testsuite hostname="vasudha" failures="0" tests="2" name="pkg.NewTest2" time="13.084" errors="0" timestamp="2025-08-26T10:53:58 IST" skipped="0">
  <testcase classname="pkg.NewTest2" name="f" time="8.156"/>
  <testcase classname="pkg.NewTest2" name="f" time="4.928"/>
</testsuite> <!-- pkg.NewTest2 -->
